<?xml version="1.0" encoding="UTF-8" ?>
<testsuite tests="1" failures="1" name="TestSuite" time="42.115" errors="0" skipped="0">
  <properties>
[...]
</properties>
  <testcase classname="NewLeadTest" name="Creation" time="42.115">
    <failure message="element not interactable
  (Session info: chrome=109.0.5414.75)
Build info: version: &apos;4.7.1&apos;, revision: &apos;c6795baf1a3&apos;
System info: os.name: &apos;Windows 10&apos;, os.arch: &apos;amd64&apos;, os.version: &apos;10.0&apos;, java.version: &apos;17.0.3.1&apos;
Driver info: org.openqa.selenium.chrome.ChromeDriver
Command: [e90326e8791798356c1bc9099a15c1e4, sendKeysToElement {id=3da4921a-a79e-4d45-bdf5-031ae85d7332, value=[Ljava.lang.CharSequence;@29ea78b1}]
Capabilities {acceptInsecureCerts: false, browserName: chrome, browserVersion: 109.0.5414.75, chrome: {chromedriverVersion: 108.0.5359.71 (1e0e3868ee06..., userDataDir: C:\Users\THABET~1\AppData\L...}, goog:chromeOptions: {debuggerAddress: localhost:50837}, networkConnectionEnabled: false, pageLoadStrategy: normal, platformName: WINDOWS, proxy: Proxy(), se:cdp: ws://localhost:50837/devtoo..., se:cdpVersion: 109.0.5414.75, setWindowRect: true, strictFileInteractability: false, timeouts: {implicit: 0, pageLoad: 300000, script: 30000}, unhandledPromptBehavior: dismiss and notify, webauthn:extension:credBlob: true, webauthn:extension:largeBlob: true, webauthn:virtualAuthenticators: true}
Element: [[ChromeDriver: chrome on WINDOWS (e90326e8791798356c1bc9099a15c1e4)] -&gt; xpath: //*[text() = &apos;Choisir un code postale &apos;]]
Session ID: e90326e8791798356c1bc9099a15c1e4" type="org.openqa.selenium.ElementNotInteractableException">org.openqa.selenium.ElementNotInteractableException: element not interactable
  (Session info: chrome=109.0.5414.75)
Build info: version: &apos;4.7.1&apos;, revision: &apos;c6795baf1a3&apos;
System info: os.name: &apos;Windows 10&apos;, os.arch: &apos;amd64&apos;, os.version: &apos;10.0&apos;, java.version: &apos;17.0.3.1&apos;
Driver info: org.openqa.selenium.chrome.ChromeDriver
Command: [e90326e8791798356c1bc9099a15c1e4, sendKeysToElement {id=3da4921a-a79e-4d45-bdf5-031ae85d7332, value=[Ljava.lang.CharSequence;@29ea78b1}]
Capabilities {acceptInsecureCerts: false, browserName: chrome, browserVersion: 109.0.5414.75, chrome: {chromedriverVersion: 108.0.5359.71 (1e0e3868ee06..., userDataDir: C:\Users\THABET~1\AppData\L...}, goog:chromeOptions: {debuggerAddress: localhost:50837}, networkConnectionEnabled: false, pageLoadStrategy: normal, platformName: WINDOWS, proxy: Proxy(), se:cdp: ws://localhost:50837/devtoo..., se:cdpVersion: 109.0.5414.75, setWindowRect: true, strictFileInteractability: false, timeouts: {implicit: 0, pageLoad: 300000, script: 30000}, unhandledPromptBehavior: dismiss and notify, webauthn:extension:credBlob: true, webauthn:extension:largeBlob: true, webauthn:virtualAuthenticators: true}
Element: [[ChromeDriver: chrome on WINDOWS (e90326e8791798356c1bc9099a15c1e4)] -&gt; xpath: //*[text() = &apos;Choisir un code postale &apos;]]
Session ID: e90326e8791798356c1bc9099a15c1e4
	at java.base/jdk.internal.reflect.NativeConstructorAccessorImpl.newInstance0(Native Method)
	at java.base/jdk.internal.reflect.NativeConstructorAccessorImpl.newInstance(NativeConstructorAccessorImpl.java:77)
	at java.base/jdk.internal.reflect.DelegatingConstructorAccessorImpl.newInstance(DelegatingConstructorAccessorImpl.java:45)
	at java.base/java.lang.reflect.Constructor.newInstanceWithCaller(Constructor.java:499)
	at java.base/java.lang.reflect.Constructor.newInstance(Constructor.java:480)
	at org.openqa.selenium.remote.codec.w3c.W3CHttpResponseCodec.createException(W3CHttpResponseCodec.java:200)
	at org.openqa.selenium.remote.codec.w3c.W3CHttpResponseCodec.decode(W3CHttpResponseCodec.java:133)
	at org.openqa.selenium.remote.codec.w3c.W3CHttpResponseCodec.decode(W3CHttpResponseCodec.java:53)
	at org.openqa.selenium.remote.HttpCommandExecutor.execute(HttpCommandExecutor.java:184)
	at org.openqa.selenium.remote.service.DriverCommandExecutor.invokeExecute(DriverCommandExecutor.java:167)
	at org.openqa.selenium.remote.service.DriverCommandExecutor.execute(DriverCommandExecutor.java:142)
	at org.openqa.selenium.remote.RemoteWebDriver.execute(RemoteWebDriver.java:551)
	at org.openqa.selenium.remote.RemoteWebElement.execute(RemoteWebElement.java:257)
	at org.openqa.selenium.remote.RemoteWebElement.sendKeys(RemoteWebElement.java:113)
	at NewLeadTest.Creation(NewLeadTest.java:40)
</failure>
    <system-out>Configuring TestNG with: org.apache.maven.surefire.testng.conf.TestNG652Configurator@9f70c54
</system-out>
    <system-err>SLF4J: Failed to load class &quot;org.slf4j.impl.StaticLoggerBinder&quot;.
SLF4J: Defaulting to no-operation (NOP) logger implementation
SLF4J: See http://www.slf4j.org/codes.html#StaticLoggerBinder for further details.
Starting ChromeDriver 108.0.5359.71 (1e0e3868ee06e91ad636a874420e3ca3ae3756ac-refs/branch-heads/5359@{#1016}) on port 43027
Only local connections are allowed.
Please see https://chromedriver.chromium.org/security-considerations for suggestions on keeping ChromeDriver safe.
ChromeDriver was started successfully.
[1674345068.665][WARNING]: This version of ChromeDriver has not been tested with Chrome version 109.
janv. 22, 2023 12:51:09 AM org.openqa.selenium.devtools.CdpVersionFinder findNearestMatch
WARNING: Unable to find CDP implementation matching 109
janv. 22, 2023 12:51:09 AM org.openqa.selenium.chromium.ChromiumDriver lambda$new$3
WARNING: Unable to find version of CDP to use for . You may need to include a dependency on a specific version of the CDP using something similar to `org.seleniumhq.selenium:selenium-devtools-v86:4.7.1` where the version (&quot;v86&quot;) matches the version of the chromium-based browser you&apos;re using and the version number of the artifact is the same as Selenium&apos;s.
</system-err>
  </testcase>
</testsuite>